[      78ms] [INFO] %cDownload the React DevTools for a better development experience: https://react.dev/link/react-devtools font-weight:bold @ http://localhost:5174/node_modules/.vite/deps/react-dom_client.js?v=66c396b7:14337
[     169ms] [ERROR] Failed to load resource: the server responded with a status of 404 (Not Found) @ http://localhost:5174/api/v1/orders?page=0&size=20&sort=createdAt,desc:0
[    1201ms] [ERROR] Failed to load resource: the server responded with a status of 404 (Not Found) @ http://localhost:5174/api/v1/orders?page=0&size=20&sort=createdAt,desc:0
[   11234ms] [ERROR] Failed to load resource: the server responded with a status of 404 (Not Found) @ http://localhost:5174/api/v1/orders?page=0&size=20&sort=createdAt,desc:0
[   12261ms] [ERROR] Failed to load resource: the server responded with a status of 404 (Not Found) @ http://localhost:5174/api/v1/orders?page=0&size=20&sort=createdAt,desc:0
[   22289ms] [ERROR] Failed to load resource: the server responded with a status of 404 (Not Found) @ http://localhost:5174/api/v1/orders?page=0&size=20&sort=createdAt,desc:0
[   23318ms] [ERROR] Failed to load resource: the server responded with a status of 404 (Not Found) @ http://localhost:5174/api/v1/orders?page=0&size=20&sort=createdAt,desc:0
[   33346ms] [ERROR] Failed to load resource: the server responded with a status of 404 (Not Found) @ http://localhost:5174/api/v1/orders?page=0&size=20&sort=createdAt,desc:0
[   34374ms] [ERROR] Failed to load resource: the server responded with a status of 404 (Not Found) @ http://localhost:5174/api/v1/orders?page=0&size=20&sort=createdAt,desc:0
[   44403ms] [ERROR] Failed to load resource: the server responded with a status of 404 (Not Found) @ http://localhost:5174/api/v1/orders?page=0&size=20&sort=createdAt,desc:0
[   45431ms] [ERROR] Failed to load resource: the server responded with a status of 404 (Not Found) @ http://localhost:5174/api/v1/orders?page=0&size=20&sort=createdAt,desc:0
[   55457ms] [ERROR] Failed to load resource: the server responded with a status of 404 (Not Found) @ http://localhost:5174/api/v1/orders?page=0&size=20&sort=createdAt,desc:0
[   56481ms] [ERROR] Failed to load resource: the server responded with a status of 404 (Not Found) @ http://localhost:5174/api/v1/orders?page=0&size=20&sort=createdAt,desc:0
[   66507ms] [ERROR] Failed to load resource: the server responded with a status of 404 (Not Found) @ http://localhost:5174/api/v1/orders?page=0&size=20&sort=createdAt,desc:0
[   67530ms] [ERROR] Failed to load resource: the server responded with a status of 404 (Not Found) @ http://localhost:5174/api/v1/orders?page=0&size=20&sort=createdAt,desc:0
[   77554ms] [ERROR] Failed to load resource: the server responded with a status of 404 (Not Found) @ http://localhost:5174/api/v1/orders?page=0&size=20&sort=createdAt,desc:0
[   78577ms] [ERROR] Failed to load resource: the server responded with a status of 404 (Not Found) @ http://localhost:5174/api/v1/orders?page=0&size=20&sort=createdAt,desc:0
[   88601ms] [ERROR] Failed to load resource: the server responded with a status of 404 (Not Found) @ http://localhost:5174/api/v1/orders?page=0&size=20&sort=createdAt,desc:0
[   89625ms] [ERROR] Failed to load resource: the server responded with a status of 404 (Not Found) @ http://localhost:5174/api/v1/orders?page=0&size=20&sort=createdAt,desc:0
[   99649ms] [ERROR] Failed to load resource: the server responded with a status of 404 (Not Found) @ http://localhost:5174/api/v1/orders?page=0&size=20&sort=createdAt,desc:0
[  100674ms] [ERROR] Failed to load resource: the server responded with a status of 404 (Not Found) @ http://localhost:5174/api/v1/orders?page=0&size=20&sort=createdAt,desc:0
[  110703ms] [ERROR] Failed to load resource: the server responded with a status of 404 (Not Found) @ http://localhost:5174/api/v1/orders?page=0&size=20&sort=createdAt,desc:0
[  111725ms] [ERROR] Failed to load resource: the server responded with a status of 404 (Not Found) @ http://localhost:5174/api/v1/orders?page=0&size=20&sort=createdAt,desc:0
[  121749ms] [ERROR] Failed to load resource: the server responded with a status of 404 (Not Found) @ http://localhost:5174/api/v1/orders?page=0&size=20&sort=createdAt,desc:0
[  122771ms] [ERROR] Failed to load resource: the server responded with a status of 404 (Not Found) @ http://localhost:5174/api/v1/orders?page=0&size=20&sort=createdAt,desc:0
[  132795ms] [ERROR] Failed to load resource: the server responded with a status of 404 (Not Found) @ http://localhost:5174/api/v1/orders?page=0&size=20&sort=createdAt,desc:0
[  133818ms] [ERROR] Failed to load resource: the server responded with a status of 404 (Not Found) @ http://localhost:5174/api/v1/orders?page=0&size=20&sort=createdAt,desc:0
[  143842ms] [ERROR] Failed to load resource: the server responded with a status of 404 (Not Found) @ http://localhost:5174/api/v1/orders?page=0&size=20&sort=createdAt,desc:0
[  144866ms] [ERROR] Failed to load resource: the server responded with a status of 404 (Not Found) @ http://localhost:5174/api/v1/orders?page=0&size=20&sort=createdAt,desc:0
[  154889ms] [ERROR] Failed to load resource: the server responded with a status of 404 (Not Found) @ http://localhost:5174/api/v1/orders?page=0&size=20&sort=createdAt,desc:0
[  155912ms] [ERROR] Failed to load resource: the server responded with a status of 404 (Not Found) @ http://localhost:5174/api/v1/orders?page=0&size=20&sort=createdAt,desc:0
[  165937ms] [ERROR] Failed to load resource: the server responded with a status of 404 (Not Found) @ http://localhost:5174/api/v1/orders?page=0&size=20&sort=createdAt,desc:0
[  166961ms] [ERROR] Failed to load resource: the server responded with a status of 404 (Not Found) @ http://localhost:5174/api/v1/orders?page=0&size=20&sort=createdAt,desc:0
[  176986ms] [ERROR] Failed to load resource: the server responded with a status of 404 (Not Found) @ http://localhost:5174/api/v1/orders?page=0&size=20&sort=createdAt,desc:0
[  178009ms] [ERROR] Failed to load resource: the server responded with a status of 404 (Not Found) @ http://localhost:5174/api/v1/orders?page=0&size=20&sort=createdAt,desc:0
[  188033ms] [ERROR] Failed to load resource: the server responded with a status of 404 (Not Found) @ http://localhost:5174/api/v1/orders?page=0&size=20&sort=createdAt,desc:0
[  189055ms] [ERROR] Failed to load resource: the server responded with a status of 404 (Not Found) @ http://localhost:5174/api/v1/orders?page=0&size=20&sort=createdAt,desc:0
[  199080ms] [ERROR] Failed to load resource: the server responded with a status of 404 (Not Found) @ http://localhost:5174/api/v1/orders?page=0&size=20&sort=createdAt,desc:0
[  200104ms] [ERROR] Failed to load resource: the server responded with a status of 404 (Not Found) @ http://localhost:5174/api/v1/orders?page=0&size=20&sort=createdAt,desc:0
[  210126ms] [ERROR] Failed to load resource: the server responded with a status of 404 (Not Found) @ http://localhost:5174/api/v1/orders?page=0&size=20&sort=createdAt,desc:0
[  211150ms] [ERROR] Failed to load resource: the server responded with a status of 404 (Not Found) @ http://localhost:5174/api/v1/orders?page=0&size=20&sort=createdAt,desc:0
[  221174ms] [ERROR] Failed to load resource: the server responded with a status of 404 (Not Found) @ http://localhost:5174/api/v1/orders?page=0&size=20&sort=createdAt,desc:0
[  222195ms] [ERROR] Failed to load resource: the server responded with a status of 404 (Not Found) @ http://localhost:5174/api/v1/orders?page=0&size=20&sort=createdAt,desc:0
[  232215ms] [ERROR] Failed to load resource: the server responded with a status of 404 (Not Found) @ http://localhost:5174/api/v1/orders?page=0&size=20&sort=createdAt,desc:0
[  233236ms] [ERROR] Failed to load resource: the server responded with a status of 404 (Not Found) @ http://localhost:5174/api/v1/orders?page=0&size=20&sort=createdAt,desc:0
[  243258ms] [ERROR] Failed to load resource: the server responded with a status of 404 (Not Found) @ http://localhost:5174/api/v1/orders?page=0&size=20&sort=createdAt,desc:0
[  244280ms] [ERROR] Failed to load resource: the server responded with a status of 404 (Not Found) @ http://localhost:5174/api/v1/orders?page=0&size=20&sort=createdAt,desc:0
[  254301ms] [ERROR] Failed to load resource: the server responded with a status of 404 (Not Found) @ http://localhost:5174/api/v1/orders?page=0&size=20&sort=createdAt,desc:0
[  255320ms] [ERROR] Failed to load resource: the server responded with a status of 404 (Not Found) @ http://localhost:5174/api/v1/orders?page=0&size=20&sort=createdAt,desc:0
